<?xml version="1.0" encoding="UTF-8"?>
<!-- Generated by org.testng.reporters.JUnitXMLReporter -->
<testsuite hostname="LAPTOP-RTC24KA1" ignored="2" name="parallelTest" tests="1" failures="0" timestamp="22 Jan 2022 15:45:21 GMT" time="0.043" errors="0">
  <testcase name="C_IETest" time="0.012" classname="groupingTest.Group"/>
  <testcase name="D_OtherTest" time="0.0" classname="groupingTest.Group">
    <ignored/>
  </testcase> <!-- D_OtherTest -->
  <testcase name="B_ChromeTest" time="0.0" classname="groupingTest.Group">
    <ignored/>
  </testcase> <!-- B_ChromeTest -->
</testsuite> <!-- parallelTest -->
