<?xml version="1.0" encoding="UTF-8"?>
<!-- Generated by org.testng.reporters.JUnitXMLReporter -->
<testsuite hostname="LAPTOP-RTC24KA1" ignored="1" name="parallelTest" tests="3" failures="0" timestamp="22 Jan 2022 02:17:43 GMT" time="36.691" errors="0">
  <testcase name="B_ChromeTest" time="14.158" classname="groupingTest.Group"/>
  <testcase name="C_IETest" time="11.708" classname="groupingTest.Group"/>
  <testcase name="D_OtherTest" time="10.794" classname="groupingTest.Group"/>
  <testcase name="A_FirefoxTest" time="0.0" classname="groupingTest.Group">
    <ignored/>
  </testcase> <!-- A_FirefoxTest -->
</testsuite> <!-- parallelTest -->
